[35m[Appium][39m Welcome to Appium v1.22.3
[35m[Appium][39m Non-default server args:
[35m[Appium][39m   port: 62022
[35m[Appium][39m   loglevel: info
[35m[Appium][39m   tmpDir: C:\Users\DBO-MI~1\AppData\Local\Temp\\Katalon\Appium\Temp1663309830262
[35m[Appium][39m   chromedriverPort: 62023
[35m[Appium][39m Deprecated server args:
[35m[Appium][39m   [31m--chromedriver-port[39m => --default-capabilities
[35m[Appium][39m Default capabilities, which will be added to each request unless overridden by desired capabilities:
[35m[Appium][39m   chromedriverPort: 62023
[35m[Appium][39m Appium REST http interface listener started on 0.0.0.0:62022
[35m[HTTP][39m [37m-->[39m [37mGET[39m [37m/wd/hub/status[39m
[35m[HTTP][39m [90m{}[39m
[35m[HTTP][39m [37m<-- GET /wd/hub/status [39m[32m200[39m [90m10 ms - 68[39m
[35m[HTTP][39m [90m[39m
[35m[HTTP][39m [37m-->[39m [37mGET[39m [37m/wd/hub/status[39m
[35m[HTTP][39m [90m{}[39m
[35m[HTTP][39m [37m<-- GET /wd/hub/status [39m[32m200[39m [90m2 ms - 68[39m
[35m[HTTP][39m [90m[39m
[35m[HTTP][39m [37m-->[39m [37mPOST[39m [37m/wd/hub/session[39m
[35m[HTTP][39m [90m{"desiredCapabilities":{"appActivity":".Settings","appPackage":"com.android.settings","newCommandTimeout":1800,"platformVersion":"12","automationName":"uiautomator2","autoGrantPermissions":true,"platformName":"Android","udid":"L8AIGF00A8304VF","deviceName":"asus ASUS_I003DD (Android 12)","platform":"ANDROID","systemPort":8217},"capabilities":{"firstMatch":[{"appium:appActivity":".Settings","appium:appPackage":"com.android.settings","appium:autoGrantPermissions":true,"appium:automationName":"uiautomator2","appium:deviceName":"asus ASUS_I003DD (Android 12)","appium:newCommandTimeout":1800,"platform":"ANDROID","platformName":"android","appium:platformVersion":"12","appium:systemPort":8217,"appium:udid":"L8AIGF00A8304VF"}]}}[39m
[35m[BaseDriver][39m The following capabilities are not standard capabilities and should have an extension prefix:
[35m[BaseDriver][39m   platform
[35m[BaseDriver][39m   chromedriverPort
[35m[Appium][39m Appium v1.22.3 creating new AndroidUiautomator2Driver (v1.70.1) session
[35m[BaseDriver][39m The following capabilities were provided, but are not recognized by Appium:
[35m[BaseDriver][39m   platform
[35m[BaseDriver][39m Session created with session id: 8d0514b6-d4b3-492d-a11c-dc61ed0a7abe
[35m[UiAutomator2][39m Starting 'com.android.settings' directly on the device
[35m[ADB][39m Found 1 'build-tools' folders under 'C:\Users\DBO-Minang\.katalon\tools\android_sdk' (newest first):
[35m[ADB][39m     C:/Users/DBO-Minang/.katalon/tools/android_sdk/build-tools/29.0.3
[35m[ADB][39m Using 'adb.exe' from 'C:\Users\DBO-Minang\.katalon\tools\android_sdk\platform-tools\adb.exe'
[35m[AndroidDriver][39m Retrieving device list
[35m[AndroidDriver][39m Using device: L8AIGF00A8304VF
[35m[ADB][39m Using 'adb.exe' from 'C:\Users\DBO-Minang\.katalon\tools\android_sdk\platform-tools\adb.exe'
[35m[ADB][39m Getting device platform version
[35m[UiAutomator2][39m Relaxing hidden api policy
[35m[AndroidDriver][39m No app sent in, not parsing package/activity
[35m[ADB][39m Using 'apksigner.jar' from 'C:\Users\DBO-Minang\.katalon\tools\android_sdk\build-tools\29.0.3\lib\apksigner.jar'
[35m[ADB][39m 'C:\Users\DBO-Minang\AppData\Roaming\npm\node_modules\appium\node_modules\appium-uiautomator2-server\apks\appium-uiautomator2-server-v4.27.0.apk' is signed with the default certificate
[35m[ADB][39m 'C:\Users\DBO-Minang\AppData\Roaming\npm\node_modules\appium\node_modules\appium-uiautomator2-server\apks\appium-uiautomator2-server-debug-androidTest.apk' is signed with the default certificate
[35m[UiAutomator2][39m Server packages are not going to be (re)installed
[35m[ADB][39m Adding packages ["io.appium.settings","io.appium.uiautomator2.server","io.appium.uiautomator2.server.test"] to Doze whitelist
[35m[UiAutomator2][39m Starting UIAutomator2 server 4.27.0
[35m[UiAutomator2][39m Using UIAutomator2 server from 'C:\Users\DBO-Minang\AppData\Roaming\npm\node_modules\appium\node_modules\appium-uiautomator2-server\apks\appium-uiautomator2-server-v4.27.0.apk' and test from 'C:\Users\DBO-Minang\AppData\Roaming\npm\node_modules\appium\node_modules\appium-uiautomator2-server\apks\appium-uiautomator2-server-debug-androidTest.apk'
[35m[UiAutomator2][39m Waiting up to 30000ms for UiAutomator2 to be online...
[35m[WD Proxy][39m socket hang up
[35m[WD Proxy][39m socket hang up
[35m[WD Proxy][39m socket hang up
[35m[WD Proxy][39m socket hang up
[35m[WD Proxy][39m Determined the downstream protocol as 'W3C'
[35m[AndroidDriver][39m Screen already unlocked, doing nothing
[35m[UiAutomator2][39m Starting 'com.android.settings/.Settings and waiting for 'com.android.settings/.Settings'
[35m[Appium][39m New AndroidUiautomator2Driver session created successfully, session 8d0514b6-d4b3-492d-a11c-dc61ed0a7abe added to master session list
[35m[HTTP][39m [37m<-- POST /wd/hub/session [39m[32m200[39m [90m13139 ms - 1174[39m
[35m[HTTP][39m [90m[39m
[35m[HTTP][39m [37m-->[39m [37mGET[39m [37m/wd/hub/session/8d0514b6-d4b3-492d-a11c-dc61ed0a7abe[39m
[35m[HTTP][39m [90m{}[39m
[35m[HTTP][39m [37m<-- GET /wd/hub/session/8d0514b6-d4b3-492d-a11c-dc61ed0a7abe [39m[32m200[39m [90m8 ms - 1128[39m
[35m[HTTP][39m [90m[39m
[35m[HTTP][39m [37m-->[39m [37mGET[39m [37m/wd/hub/session/8d0514b6-d4b3-492d-a11c-dc61ed0a7abe[39m
[35m[HTTP][39m [90m{}[39m
[35m[HTTP][39m [37m<-- GET /wd/hub/session/8d0514b6-d4b3-492d-a11c-dc61ed0a7abe [39m[32m200[39m [90m7 ms - 1128[39m
[35m[HTTP][39m [90m[39m
[35m[HTTP][39m [37m-->[39m [37mGET[39m [37m/wd/hub/status[39m
[35m[HTTP][39m [90m{}[39m
[35m[HTTP][39m [37m<-- GET /wd/hub/status [39m[32m200[39m [90m1 ms - 68[39m
[35m[HTTP][39m [90m[39m
[35m[HTTP][39m [37m-->[39m [37mPOST[39m [37m/wd/hub/session/8d0514b6-d4b3-492d-a11c-dc61ed0a7abe/timeouts[39m
[35m[HTTP][39m [90m{"implicit":60000}[39m
[35m[HTTP][39m [37m<-- POST /wd/hub/session/8d0514b6-d4b3-492d-a11c-dc61ed0a7abe/timeouts [39m[32m200[39m [90m4 ms - 14[39m
[35m[HTTP][39m [90m[39m
[35m[HTTP][39m [37m-->[39m [37mGET[39m [37m/wd/hub/session/8d0514b6-d4b3-492d-a11c-dc61ed0a7abe/screenshot[39m
[35m[HTTP][39m [90m{}[39m
[35m[HTTP][39m [37m<-- GET /wd/hub/session/8d0514b6-d4b3-492d-a11c-dc61ed0a7abe/screenshot [39m[32m200[39m [90m259 ms - 234542[39m
[35m[HTTP][39m [90m[39m
[35m[HTTP][39m [37m-->[39m [37mGET[39m [37m/wd/hub/session/8d0514b6-d4b3-492d-a11c-dc61ed0a7abe/window/rect[39m
[35m[HTTP][39m [90m{}[39m
[35m[HTTP][39m [37m<-- GET /wd/hub/session/8d0514b6-d4b3-492d-a11c-dc61ed0a7abe/window/rect [39m[32m200[39m [90m23 ms - 50[39m
[35m[HTTP][39m [90m[39m
[35m[HTTP][39m [37m-->[39m [37mGET[39m [37m/wd/hub/session/8d0514b6-d4b3-492d-a11c-dc61ed0a7abe/appium/device/system_bars[39m
[35m[HTTP][39m [90m{}[39m
[35m[HTTP][39m [37m<-- GET /wd/hub/session/8d0514b6-d4b3-492d-a11c-dc61ed0a7abe/appium/device/system_bars [39m[32m200[39m [90m158 ms - 145[39m
[35m[HTTP][39m [90m[39m
[35m[HTTP][39m [37m-->[39m [37mPOST[39m [37m/wd/hub/session/8d0514b6-d4b3-492d-a11c-dc61ed0a7abe/appium/device/activate_app[39m
[35m[HTTP][39m [90m{"bundleId":"com.dbo.newdboindonesiahd"}[39m
[35m[HTTP][39m [37m<-- POST /wd/hub/session/8d0514b6-d4b3-492d-a11c-dc61ed0a7abe/appium/device/activate_app [39m[32m200[39m [90m7003 ms - 14[39m
[35m[HTTP][39m [90m[39m
[35m[HTTP][39m [37m-->[39m [37mGET[39m [37m/wd/hub/session/8d0514b6-d4b3-492d-a11c-dc61ed0a7abe/source[39m
[35m[HTTP][39m [90m{}[39m
[35m[W3C (8d0514b6)][39m Driver proxy active, passing request on via HTTP proxy
[35m[WD Proxy][39m Replacing sessionId cb824079-ce45-48bc-bfc3-a2e82fdebfc0 with 8d0514b6-d4b3-492d-a11c-dc61ed0a7abe
[35m[HTTP][39m [37m<-- GET /wd/hub/session/8d0514b6-d4b3-492d-a11c-dc61ed0a7abe/source [39m[32m200[39m [90m77 ms - 47333[39m
[35m[HTTP][39m [90m[39m
[35m[HTTP][39m [37m-->[39m [37mGET[39m [37m/wd/hub/session/8d0514b6-d4b3-492d-a11c-dc61ed0a7abe/screenshot[39m
[35m[HTTP][39m [90m{}[39m
[35m[HTTP][39m [37m<-- GET /wd/hub/session/8d0514b6-d4b3-492d-a11c-dc61ed0a7abe/screenshot [39m[32m200[39m [90m213 ms - 283042[39m
[35m[HTTP][39m [90m[39m
[35m[HTTP][39m [37m-->[39m [37mGET[39m [37m/wd/hub/session/8d0514b6-d4b3-492d-a11c-dc61ed0a7abe/source[39m
[35m[HTTP][39m [90m{}[39m
[35m[W3C (8d0514b6)][39m Driver proxy active, passing request on via HTTP proxy
[35m[WD Proxy][39m Replacing sessionId cb824079-ce45-48bc-bfc3-a2e82fdebfc0 with 8d0514b6-d4b3-492d-a11c-dc61ed0a7abe
[35m[HTTP][39m [37m<-- GET /wd/hub/session/8d0514b6-d4b3-492d-a11c-dc61ed0a7abe/source [39m[32m200[39m [90m104 ms - 45934[39m
[35m[HTTP][39m [90m[39m
[35m[HTTP][39m [37m-->[39m [37mGET[39m [37m/wd/hub/session/8d0514b6-d4b3-492d-a11c-dc61ed0a7abe/screenshot[39m
[35m[HTTP][39m [90m{}[39m
[35m[HTTP][39m [37m<-- GET /wd/hub/session/8d0514b6-d4b3-492d-a11c-dc61ed0a7abe/screenshot [39m[32m200[39m [90m219 ms - 277376[39m
[35m[HTTP][39m [90m[39m
[35m[HTTP][39m [37m-->[39m [37mPOST[39m [37m/wd/hub/session/8d0514b6-d4b3-492d-a11c-dc61ed0a7abe/elements[39m
[35m[HTTP][39m [90m{"using":"xpath","value":"//*[@class = 'android.widget.TextView' and (@text = 'Demo MU - DBO - KOTA JAKARTA PUSAT' or . = 'Demo MU - DBO - KOTA JAKARTA PUSAT')]"}[39m
[35m[HTTP][39m [37m<-- POST /wd/hub/session/8d0514b6-d4b3-492d-a11c-dc61ed0a7abe/elements [39m[32m200[39m [90m221 ms - 139[39m
[35m[HTTP][39m [90m[39m
[35m[HTTP][39m [37m-->[39m [37mGET[39m [37m/wd/hub/session/8d0514b6-d4b3-492d-a11c-dc61ed0a7abe/source[39m
[35m[HTTP][39m [90m{}[39m
[35m[W3C (8d0514b6)][39m Driver proxy active, passing request on via HTTP proxy
[35m[WD Proxy][39m Replacing sessionId cb824079-ce45-48bc-bfc3-a2e82fdebfc0 with 8d0514b6-d4b3-492d-a11c-dc61ed0a7abe
[35m[HTTP][39m [37m<-- GET /wd/hub/session/8d0514b6-d4b3-492d-a11c-dc61ed0a7abe/source [39m[32m200[39m [90m84 ms - 34413[39m
[35m[HTTP][39m [90m[39m
[35m[HTTP][39m [37m-->[39m [37mGET[39m [37m/wd/hub/session/8d0514b6-d4b3-492d-a11c-dc61ed0a7abe/screenshot[39m
[35m[HTTP][39m [90m{}[39m
[35m[HTTP][39m [37m<-- GET /wd/hub/session/8d0514b6-d4b3-492d-a11c-dc61ed0a7abe/screenshot [39m[32m200[39m [90m224 ms - 205506[39m
[35m[HTTP][39m [90m[39m
[35m[HTTP][39m [37m-->[39m [37mGET[39m [37m/wd/hub/session/8d0514b6-d4b3-492d-a11c-dc61ed0a7abe/source[39m
[35m[HTTP][39m [90m{}[39m
[35m[W3C (8d0514b6)][39m Driver proxy active, passing request on via HTTP proxy
[35m[WD Proxy][39m Replacing sessionId cb824079-ce45-48bc-bfc3-a2e82fdebfc0 with 8d0514b6-d4b3-492d-a11c-dc61ed0a7abe
[35m[HTTP][39m [37m<-- GET /wd/hub/session/8d0514b6-d4b3-492d-a11c-dc61ed0a7abe/source [39m[32m200[39m [90m73 ms - 43547[39m
[35m[HTTP][39m [90m[39m
[35m[HTTP][39m [37m-->[39m [37mGET[39m [37m/wd/hub/session/8d0514b6-d4b3-492d-a11c-dc61ed0a7abe/screenshot[39m
[35m[HTTP][39m [90m{}[39m
[35m[HTTP][39m [37m<-- GET /wd/hub/session/8d0514b6-d4b3-492d-a11c-dc61ed0a7abe/screenshot [39m[32m200[39m [90m213 ms - 177184[39m
[35m[HTTP][39m [90m[39m
[35m[HTTP][39m [37m-->[39m [37mPOST[39m [37m/wd/hub/session/8d0514b6-d4b3-492d-a11c-dc61ed0a7abe/elements[39m
[35m[HTTP][39m [90m{"using":"xpath","value":"//*[@class = 'android.widget.EditText' and (@text = '' or . = '')]"}[39m
[35m[HTTP][39m [37m<-- POST /wd/hub/session/8d0514b6-d4b3-492d-a11c-dc61ed0a7abe/elements [39m[32m200[39m [90m128 ms - 267[39m
[35m[HTTP][39m [90m[39m
[35m[HTTP][39m [37m-->[39m [37mPOST[39m [37m/wd/hub/session/8d0514b6-d4b3-492d-a11c-dc61ed0a7abe/elements[39m
[35m[HTTP][39m [90m{"using":"-android uiautomator","value":"new UiSelector().className(\"android.widget.EditText\")"}[39m
[35m[HTTP][39m [37m<-- POST /wd/hub/session/8d0514b6-d4b3-492d-a11c-dc61ed0a7abe/elements [39m[32m200[39m [90m64 ms - 267[39m
[35m[HTTP][39m [90m[39m
[35m[HTTP][39m [37m-->[39m [37mPOST[39m [37m/wd/hub/session/8d0514b6-d4b3-492d-a11c-dc61ed0a7abe/elements[39m
[35m[HTTP][39m [90m{"using":"xpath","value":"//*[@class = 'android.widget.TextView' and (@text = '󰅂' or . = '󰅂')]"}[39m
[35m[HTTP][39m [37m<-- POST /wd/hub/session/8d0514b6-d4b3-492d-a11c-dc61ed0a7abe/elements [39m[32m200[39m [90m103 ms - 139[39m
[35m[HTTP][39m [90m[39m
[35m[HTTP][39m [37m-->[39m [37mGET[39m [37m/wd/hub/session/8d0514b6-d4b3-492d-a11c-dc61ed0a7abe/source[39m
[35m[HTTP][39m [90m{}[39m
[35m[W3C (8d0514b6)][39m Driver proxy active, passing request on via HTTP proxy
[35m[WD Proxy][39m Replacing sessionId cb824079-ce45-48bc-bfc3-a2e82fdebfc0 with 8d0514b6-d4b3-492d-a11c-dc61ed0a7abe
[35m[HTTP][39m [37m<-- GET /wd/hub/session/8d0514b6-d4b3-492d-a11c-dc61ed0a7abe/source [39m[32m200[39m [90m96 ms - 44060[39m
[35m[HTTP][39m [90m[39m
[35m[HTTP][39m [37m-->[39m [37mGET[39m [37m/wd/hub/session/8d0514b6-d4b3-492d-a11c-dc61ed0a7abe/screenshot[39m
[35m[HTTP][39m [90m{}[39m
[35m[HTTP][39m [37m<-- GET /wd/hub/session/8d0514b6-d4b3-492d-a11c-dc61ed0a7abe/screenshot [39m[32m200[39m [90m311 ms - 458760[39m
[35m[HTTP][39m [90m[39m
[35m[HTTP][39m [37m-->[39m [37mPOST[39m [37m/wd/hub/session/8d0514b6-d4b3-492d-a11c-dc61ed0a7abe/elements[39m
[35m[HTTP][39m [90m{"using":"xpath","value":"//*[@class = 'android.widget.TextView' and (@text = 'Konfirmasi Order' or . = 'Konfirmasi Order')]"}[39m
[35m[HTTP][39m [37m<-- POST /wd/hub/session/8d0514b6-d4b3-492d-a11c-dc61ed0a7abe/elements [39m[32m200[39m [90m115 ms - 139[39m
[35m[HTTP][39m [90m[39m
[35m[BaseDriver][39m Shutting down because we waited 1800 seconds for a command
[35m[Appium][39m Closing session, cause was 'New Command Timeout of 1800 seconds expired. Try customizing the timeout using the 'newCommandTimeout' desired capability'
[35m[Appium][39m Removing session '8d0514b6-d4b3-492d-a11c-dc61ed0a7abe' from our master session list
[35m[UiAutomator2][39m Did not get confirmation UiAutomator2 deleteSession worked; Error was: UnknownError: An unknown server-side error occurred while processing the command. Original error: 'DELETE /' cannot be proxied to UiAutomator2 server because the instrumentation process is not running (probably crashed). Check the server log and/or the logcat output for more details
[35m[UiAutomator2][39m Restoring hidden api policy to the device default configuration
